2023-08-18 17:11:45,289 INFO  StartupInfoLogger:51 - [] Starting ERPAPIServicesApplication using Java 17.0.8 with PID 15824 (C:\practice\NewRepository\ERP-API-Services\target\classes started by mnikh in C:\practice\NewRepository\ERP-API-Services)
2023-08-18 17:11:45,292 DEBUG StartupInfoLogger:52 - [] Running with Spring Boot v3.1.2, Spring v6.0.11
2023-08-18 17:11:45,294 INFO  SpringApplication:634 - [] No active profile set, falling back to 1 default profile: "default"
2023-08-18 17:11:52,260 INFO  StartupInfoLogger:57 - [] Started ERPAPIServicesApplication in 7.581 seconds (process running for 8.541)
2023-08-18 17:12:14,426 INFO  StartupInfoLogger:51 - [] Starting ERPAPIServicesApplication using Java 17.0.8 with PID 10888 (C:\practice\NewRepository\ERP-API-Services\target\classes started by mnikh in C:\practice\NewRepository\ERP-API-Services)
2023-08-18 17:12:14,430 DEBUG StartupInfoLogger:52 - [] Running with Spring Boot v3.1.2, Spring v6.0.11
2023-08-18 17:12:14,432 INFO  SpringApplication:634 - [] No active profile set, falling back to 1 default profile: "default"
2023-08-18 17:12:21,291 INFO  StartupInfoLogger:57 - [] Started ERPAPIServicesApplication in 7.435 seconds (process running for 8.194)
2023-08-18 17:13:17,425 INFO  StartupInfoLogger:51 - [] Starting ERPAPIServicesApplication using Java 17.0.8 with PID 18888 (C:\practice\NewRepository\ERP-API-Services\target\classes started by mnikh in C:\practice\NewRepository\ERP-API-Services)
2023-08-18 17:13:17,430 DEBUG StartupInfoLogger:52 - [] Running with Spring Boot v3.1.2, Spring v6.0.11
2023-08-18 17:13:17,432 INFO  SpringApplication:634 - [] No active profile set, falling back to 1 default profile: "default"
2023-08-18 17:13:23,967 INFO  StartupInfoLogger:57 - [] Started ERPAPIServicesApplication in 7.163 seconds (process running for 8.036)
2023-08-18 17:13:32,035 TRACE AddressController:30 - [] Get all Addresses controller is invoked.
2023-08-18 17:13:32,038 TRACE AddressService:30 - [] Get all Addresses service is invoked.
2023-08-18 17:29:48,032 INFO  StartupInfoLogger:51 - [] Starting ERPAPIServicesApplication using Java 17.0.8 with PID 6560 (C:\practice\NewRepository\ERP-API-Services\target\classes started by mnikh in C:\practice\NewRepository\ERP-API-Services)
2023-08-18 17:29:48,036 DEBUG StartupInfoLogger:52 - [] Running with Spring Boot v3.1.2, Spring v6.0.11
2023-08-18 17:29:48,036 INFO  SpringApplication:634 - [] No active profile set, falling back to 1 default profile: "default"
2023-08-18 17:29:56,708 INFO  StartupInfoLogger:57 - [] Started ERPAPIServicesApplication in 9.179 seconds (process running for 12.298)
2023-08-18 17:30:10,973 TRACE AddressController:30 - [] Get all Addresses controller is invoked.
2023-08-18 17:30:10,975 TRACE AddressService:30 - [] Get all Addresses service is invoked.
2023-08-18 17:31:39,083 INFO  StartupInfoLogger:51 - [] Starting ERPAPIServicesApplication using Java 17.0.8 with PID 8952 (C:\practice\NewRepository\ERP-API-Services\target\classes started by mnikh in C:\practice\NewRepository\ERP-API-Services)
2023-08-18 17:31:39,085 DEBUG StartupInfoLogger:52 - [] Running with Spring Boot v3.1.2, Spring v6.0.11
2023-08-18 17:31:39,087 INFO  SpringApplication:634 - [] No active profile set, falling back to 1 default profile: "default"
2023-08-18 17:31:45,531 INFO  StartupInfoLogger:57 - [] Started ERPAPIServicesApplication in 7.083 seconds (process running for 7.914)
2023-08-18 17:31:50,423 TRACE AddressController:30 - [] Get all Addresses controller is invoked.
2023-08-18 17:31:50,425 TRACE AddressService:30 - [] Get all Addresses service is invoked.
2023-08-18 17:34:12,467 INFO  StartupInfoLogger:51 - [] Starting ERPAPIServicesApplication using Java 17.0.8 with PID 3592 (C:\practice\NewRepository\ERP-API-Services\target\classes started by mnikh in C:\practice\NewRepository\ERP-API-Services)
2023-08-18 17:34:12,472 DEBUG StartupInfoLogger:52 - [] Running with Spring Boot v3.1.2, Spring v6.0.11
2023-08-18 17:34:12,474 INFO  SpringApplication:634 - [] No active profile set, falling back to 1 default profile: "default"
2023-08-18 17:34:18,489 INFO  StartupInfoLogger:57 - [] Started ERPAPIServicesApplication in 6.617 seconds (process running for 7.445)
2023-08-18 17:34:25,800 TRACE AddressController:30 - [] Get all Addresses controller is invoked.
2023-08-18 17:34:25,801 TRACE AddressService:30 - [] Get all Addresses service is invoked.
2023-08-18 17:35:09,940 INFO  StartupInfoLogger:51 - [] Starting ERPAPIServicesApplication using Java 17.0.8 with PID 8320 (C:\practice\NewRepository\ERP-API-Services\target\classes started by mnikh in C:\practice\NewRepository\ERP-API-Services)
2023-08-18 17:35:09,945 DEBUG StartupInfoLogger:52 - [] Running with Spring Boot v3.1.2, Spring v6.0.11
2023-08-18 17:35:09,948 INFO  SpringApplication:634 - [] No active profile set, falling back to 1 default profile: "default"
2023-08-18 17:35:16,483 INFO  StartupInfoLogger:57 - [] Started ERPAPIServicesApplication in 7.137 seconds (process running for 7.979)
2023-08-18 17:35:21,033 TRACE AddressController:30 - [] Get all Addresses controller is invoked.
2023-08-18 17:35:21,033 TRACE AddressService:30 - [] Get all Addresses service is invoked.
2023-08-18 17:36:42,257 INFO  StartupInfoLogger:51 - [] Starting ERPAPIServicesApplication using Java 17.0.8 with PID 16720 (C:\practice\NewRepository\ERP-API-Services\target\classes started by mnikh in C:\practice\NewRepository\ERP-API-Services)
2023-08-18 17:36:42,261 DEBUG StartupInfoLogger:52 - [] Running with Spring Boot v3.1.2, Spring v6.0.11
2023-08-18 17:36:42,263 INFO  SpringApplication:634 - [] No active profile set, falling back to 1 default profile: "default"
2023-08-18 17:36:48,644 INFO  StartupInfoLogger:57 - [] Started ERPAPIServicesApplication in 6.999 seconds (process running for 7.798)
2023-08-18 17:36:52,717 TRACE AddressController:30 - [] Get all Addresses controller is invoked.
2023-08-18 17:36:52,718 TRACE AddressService:30 - [] Get all Addresses service is invoked.
2023-08-18 17:38:29,333 INFO  StartupInfoLogger:51 - [] Starting ERPAPIServicesApplication using Java 17.0.8 with PID 3476 (C:\practice\NewRepository\ERP-API-Services\target\classes started by mnikh in C:\practice\NewRepository\ERP-API-Services)
2023-08-18 17:38:29,336 DEBUG StartupInfoLogger:52 - [] Running with Spring Boot v3.1.2, Spring v6.0.11
2023-08-18 17:38:29,338 INFO  SpringApplication:634 - [] No active profile set, falling back to 1 default profile: "default"
2023-08-18 17:38:35,651 INFO  StartupInfoLogger:57 - [] Started ERPAPIServicesApplication in 6.963 seconds (process running for 7.735)
2023-08-18 17:38:47,394 TRACE AddressController:30 - [] Get all Addresses controller is invoked.
2023-08-18 17:38:47,395 TRACE AddressService:30 - [] Get all Addresses service is invoked.
2023-08-18 17:39:43,428 TRACE AddressController:42 - [] Get Address by Id controller is invoked.
2023-08-18 17:39:43,428 TRACE AddressService:45 - [] Get Address by Id service is invoked.
2023-08-18 17:40:57,722 INFO  StartupInfoLogger:51 - [] Starting ERPAPIServicesApplication using Java 17.0.8 with PID 10752 (C:\practice\NewRepository\ERP-API-Services\target\classes started by mnikh in C:\practice\NewRepository\ERP-API-Services)
2023-08-18 17:40:57,725 DEBUG StartupInfoLogger:52 - [] Running with Spring Boot v3.1.2, Spring v6.0.11
2023-08-18 17:40:57,728 INFO  SpringApplication:634 - [] No active profile set, falling back to 1 default profile: "default"
2023-08-18 17:41:03,951 INFO  StartupInfoLogger:57 - [] Started ERPAPIServicesApplication in 6.821 seconds (process running for 7.593)
2023-08-18 17:41:10,499 TRACE AddressController:42 - [] Get Address by Id controller is invoked.
2023-08-18 17:41:10,501 TRACE AddressService:45 - [] Get Address by Id service is invoked.
2023-08-18 17:42:24,595 INFO  StartupInfoLogger:51 - [] Starting ERPAPIServicesApplication using Java 17.0.8 with PID 3176 (C:\practice\NewRepository\ERP-API-Services\target\classes started by mnikh in C:\practice\NewRepository\ERP-API-Services)
2023-08-18 17:42:24,600 DEBUG StartupInfoLogger:52 - [] Running with Spring Boot v3.1.2, Spring v6.0.11
2023-08-18 17:42:24,602 INFO  SpringApplication:634 - [] No active profile set, falling back to 1 default profile: "default"
2023-08-18 17:42:30,731 INFO  StartupInfoLogger:57 - [] Started ERPAPIServicesApplication in 6.743 seconds (process running for 7.552)
2023-08-18 17:42:35,851 TRACE AddressController:30 - [] Get all Addresses controller is invoked.
2023-08-18 17:42:35,853 TRACE AddressService:30 - [] Get all Addresses service is invoked.
2023-08-18 17:43:25,447 INFO  StartupInfoLogger:51 - [] Starting ERPAPIServicesApplication using Java 17.0.8 with PID 6148 (C:\practice\NewRepository\ERP-API-Services\target\classes started by mnikh in C:\practice\NewRepository\ERP-API-Services)
2023-08-18 17:43:25,452 DEBUG StartupInfoLogger:52 - [] Running with Spring Boot v3.1.2, Spring v6.0.11
2023-08-18 17:43:25,454 INFO  SpringApplication:634 - [] No active profile set, falling back to 1 default profile: "default"
2023-08-18 17:43:31,645 INFO  StartupInfoLogger:57 - [] Started ERPAPIServicesApplication in 6.802 seconds (process running for 7.654)
2023-08-18 17:43:39,000 TRACE AddressController:30 - [] Get all Addresses controller is invoked.
2023-08-18 17:43:39,002 TRACE AddressService:30 - [] Get all Addresses service is invoked.
2023-08-18 18:06:53,364 INFO  StartupInfoLogger:51 - [] Starting ERPAPIServicesApplication using Java 17.0.8 with PID 6044 (C:\practice\NewRepository\ERP-API-Services\target\classes started by mnikh in C:\practice\NewRepository\ERP-API-Services)
2023-08-18 18:06:53,367 DEBUG StartupInfoLogger:52 - [] Running with Spring Boot v3.1.2, Spring v6.0.11
2023-08-18 18:06:53,368 INFO  SpringApplication:634 - [] No active profile set, falling back to 1 default profile: "default"
2023-08-18 18:06:59,718 INFO  StartupInfoLogger:57 - [] Started ERPAPIServicesApplication in 7.225 seconds (process running for 8.543)
2023-08-18 18:07:22,148 TRACE AddressController:30 - [] Get all Addresses controller is invoked.
2023-08-18 18:07:22,149 TRACE AddressService:30 - [] Get all Addresses service is invoked.
2023-08-18 18:07:53,343 INFO  StartupInfoLogger:51 - [] Starting ERPAPIServicesApplication using Java 17.0.8 with PID 18488 (C:\practice\NewRepository\ERP-API-Services\target\classes started by mnikh in C:\practice\NewRepository\ERP-API-Services)
2023-08-18 18:07:53,346 DEBUG StartupInfoLogger:52 - [] Running with Spring Boot v3.1.2, Spring v6.0.11
2023-08-18 18:07:53,348 INFO  SpringApplication:634 - [] No active profile set, falling back to 1 default profile: "default"
2023-08-18 18:07:59,807 INFO  StartupInfoLogger:57 - [] Started ERPAPIServicesApplication in 7.07 seconds (process running for 7.833)
2023-08-18 18:08:04,161 TRACE AddressController:30 - [] Get all Addresses controller is invoked.
2023-08-18 18:08:04,162 TRACE AddressService:30 - [] Get all Addresses service is invoked.
2023-08-18 18:08:53,455 TRACE AddressController:30 - [] Get all Addresses controller is invoked.
2023-08-18 18:08:53,457 TRACE AddressService:30 - [] Get all Addresses service is invoked.
2023-08-18 18:09:01,642 INFO  StartupInfoLogger:51 - [] Starting ERPAPIServicesApplication using Java 17.0.8 with PID 8480 (C:\practice\NewRepository\ERP-API-Services\target\classes started by mnikh in C:\practice\NewRepository\ERP-API-Services)
2023-08-18 18:09:01,645 DEBUG StartupInfoLogger:52 - [] Running with Spring Boot v3.1.2, Spring v6.0.11
2023-08-18 18:09:01,646 INFO  SpringApplication:634 - [] No active profile set, falling back to 1 default profile: "default"
2023-08-18 18:09:07,775 INFO  StartupInfoLogger:57 - [] Started ERPAPIServicesApplication in 6.776 seconds (process running for 7.562)
2023-08-18 18:09:14,032 TRACE AddressController:30 - [] Get all Addresses controller is invoked.
2023-08-18 18:09:14,033 TRACE AddressService:30 - [] Get all Addresses service is invoked.
2023-08-18 18:09:36,134 INFO  StartupInfoLogger:51 - [] Starting ERPAPIServicesApplication using Java 17.0.8 with PID 9232 (C:\practice\NewRepository\ERP-API-Services\target\classes started by mnikh in C:\practice\NewRepository\ERP-API-Services)
2023-08-18 18:09:36,137 DEBUG StartupInfoLogger:52 - [] Running with Spring Boot v3.1.2, Spring v6.0.11
2023-08-18 18:09:36,138 INFO  SpringApplication:634 - [] No active profile set, falling back to 1 default profile: "default"
2023-08-18 18:09:42,419 INFO  StartupInfoLogger:57 - [] Started ERPAPIServicesApplication in 6.893 seconds (process running for 7.676)
2023-08-18 18:09:51,391 TRACE AddressController:30 - [] Get all Addresses controller is invoked.
2023-08-18 18:09:51,392 TRACE AddressService:30 - [] Get all Addresses service is invoked.
2023-08-18 18:14:21,970 INFO  StartupInfoLogger:51 - [] Starting ERPAPIServicesApplication using Java 17.0.8 with PID 10312 (C:\practice\NewRepository\ERP-API-Services\target\classes started by mnikh in C:\practice\NewRepository\ERP-API-Services)
2023-08-18 18:14:21,973 DEBUG StartupInfoLogger:52 - [] Running with Spring Boot v3.1.2, Spring v6.0.11
2023-08-18 18:14:21,976 INFO  SpringApplication:634 - [] No active profile set, falling back to 1 default profile: "default"
2023-08-18 18:14:28,568 INFO  StartupInfoLogger:57 - [] Started ERPAPIServicesApplication in 7.214 seconds (process running for 8.082)
2023-08-18 18:14:32,211 TRACE AddressController:30 - [] Get all Addresses controller is invoked.
2023-08-18 18:14:32,213 TRACE AddressService:30 - [] Get all Addresses service is invoked.
2023-08-18 18:15:52,206 INFO  StartupInfoLogger:51 - [] Starting ERPAPIServicesApplication using Java 17.0.8 with PID 11052 (C:\practice\NewRepository\ERP-API-Services\target\classes started by mnikh in C:\practice\NewRepository\ERP-API-Services)
2023-08-18 18:15:52,209 DEBUG StartupInfoLogger:52 - [] Running with Spring Boot v3.1.2, Spring v6.0.11
2023-08-18 18:15:52,211 INFO  SpringApplication:634 - [] No active profile set, falling back to 1 default profile: "default"
2023-08-18 18:15:58,277 INFO  StartupInfoLogger:57 - [] Started ERPAPIServicesApplication in 6.626 seconds (process running for 7.575)
2023-08-18 18:16:05,741 TRACE AddressController:30 - [] Get all Addresses controller is invoked.
2023-08-18 18:16:05,742 TRACE AddressService:30 - [] Get all Addresses service is invoked.
2023-08-18 18:18:22,936 INFO  StartupInfoLogger:51 - [] Starting ERPAPIServicesApplication using Java 17.0.8 with PID 18124 (C:\practice\NewRepository\ERP-API-Services\target\classes started by mnikh in C:\practice\NewRepository\ERP-API-Services)
2023-08-18 18:18:22,939 DEBUG StartupInfoLogger:52 - [] Running with Spring Boot v3.1.2, Spring v6.0.11
2023-08-18 18:18:22,940 INFO  SpringApplication:634 - [] No active profile set, falling back to 1 default profile: "default"
2023-08-18 18:18:29,074 INFO  StartupInfoLogger:57 - [] Started ERPAPIServicesApplication in 6.748 seconds (process running for 7.548)
2023-08-18 18:18:33,513 TRACE AddressController:30 - [] Get all Addresses controller is invoked.
2023-08-18 18:18:33,514 TRACE AddressService:30 - [] Get all Addresses service is invoked.
2023-08-18 18:26:04,119 INFO  StartupInfoLogger:51 - [] Starting ERPAPIServicesApplication using Java 17.0.8 with PID 18888 (C:\practice\NewRepository\ERP-API-Services\target\classes started by mnikh in C:\practice\NewRepository\ERP-API-Services)
2023-08-18 18:26:04,122 DEBUG StartupInfoLogger:52 - [] Running with Spring Boot v3.1.2, Spring v6.0.11
2023-08-18 18:26:04,124 INFO  SpringApplication:634 - [] No active profile set, falling back to 1 default profile: "default"
2023-08-18 18:26:10,060 INFO  StartupInfoLogger:57 - [] Started ERPAPIServicesApplication in 6.579 seconds (process running for 7.341)
2023-08-18 18:26:14,808 TRACE AddressController:30 - [] Get all Addresses controller is invoked.
2023-08-18 18:26:14,809 TRACE AddressService:30 - [] Get all Addresses service is invoked.
